
2017-06-13 03:52:36-0000 [-] [spells] mind
2017-06-13 03:52:36-0000 [-] [spells] corey
2017-06-13 03:52:36-0000 [-] [spells] sleep
2017-06-13 04:08:35-0000 [-] [spells] Name: Fighter1
2017-06-13 04:08:35-0000 [-] [spells] Spheres: entropy prime
2017-06-13 04:08:35-0000 [-] [spells] Target: Corey
2017-06-13 04:08:35-0000 [-] [spells] Effect: make him smile
2017-06-13 23:29:36-0000 [-] [spells] Name: Zardoz
2017-06-13 23:29:36-0000 [-] [spells] Spheres: correspondence
2017-06-13 23:29:36-0000 [-] [spells] Target: Toni Jiang
2017-06-13 23:29:36-0000 [-] [spells] Effect: Kill
2017-06-14 00:48:23-0000 [-] [spells] Name: Joseph Anasen
2017-06-14 00:48:23-0000 [-] [spells] Spheres: correspondence
2017-06-14 00:48:23-0000 [-] [spells] Target: rest room
2017-06-14 00:48:23-0000 [-] [spells] Effect: scrying
2017-06-21 07:47:41-0000 [-] [spells] Name: Saint_Rocco
2017-06-21 07:47:41-0000 [-] [spells] Spheres: Mind
2017-06-21 07:47:41-0000 [-] [spells] Target: The room
2017-06-21 07:47:41-0000 [-] [spells] Effect: I want an impression of this area.
2017-06-21 07:49:14-0000 [-] [spells] Name: Saint_Rocco
2017-06-21 07:49:14-0000 [-] [spells] Spheres: Life 2
2017-06-21 07:49:14-0000 [-] [spells] Target: Myself
2017-06-21 07:49:14-0000 [-] [spells] Effect: Breaking down my pattern (HL).